29-09-2020:14:54:48, INFO log_info my_logger --> 
Main Column with Data type: 
[
 Home Address: object
City: object
State: object
Zip: int64
Volunteered in the past: object
 2019 Gift : object
 2018 Gift : object
 2017 Gift : object
 2016 Gift : object
 2015 Gift : object
 2014 Gift : object
 2013 Gift : object
 2012 Gift : object
 2011 Gift : object
CompTotal: int64 
]
 Converted Columns data type: 
[
 Home Address: object
City: object
State: object
Zip: int64
Volunteered in the past: object
 2019 Gift : object
 2018 Gift : object
 2017 Gift : object
 2016 Gift : object
 2015 Gift : object
 2014 Gift : object
 2013 Gift : object
 2012 Gift : object
 2011 Gift : object
CompTotal: int64 
]

29-09-2020:15:07:38, INFO log_info my_logger --> 
Main Column with Data type: 
[
 Home Address: object
City: object
State: object
Zip: int64
Volunteered in the past: object
 2019 Gift : object
 2018 Gift : object
 2017 Gift : object
 2016 Gift : object
 2015 Gift : object
 2014 Gift : object
 2013 Gift : object
 2012 Gift : object
 2011 Gift : object
CompTotal: int64 
]
 Converted Columns data type: 
[
 Home Address: object
City: object
State: object
Zip: int64
Volunteered in the past: object
 2019 Gift : object
 2018 Gift : object
 2017 Gift : object
 2016 Gift : object
 2015 Gift : object
 2014 Gift : object
 2013 Gift : object
 2012 Gift : object
 2011 Gift : object
CompTotal: int64 
]

30-09-2020:17:15:53, INFO log_info my_logger --> 
Main Column with Data type: 
[
 Home Address: object
City: object
State: object
Zip: int64
Volunteered in the past: object
 2019 Gift : object
 2018 Gift : object
 2017 Gift : object
 2016 Gift : object
 2015 Gift : object
 2014 Gift : object
 2013 Gift : object
 2012 Gift : object
 2011 Gift : object
CompTotal: int64 
]
 Converted Columns data type: 
[
 Home Address: object
City: object
State: object
Zip: int64
Volunteered in the past: object
 2019 Gift : object
 2018 Gift : object
 2017 Gift : object
 2016 Gift : object
 2015 Gift : object
 2014 Gift : object
 2013 Gift : object
 2012 Gift : object
 2011 Gift : object
CompTotal: int64 
]

30-10-2020:20:07:52, INFO log_info my_logger --> 
Main Column with Data type: 
[
 Home Address: object
City: object
State: object
Zip: int64
Volunteered in the past: object
 2019 Gift : object
 2018 Gift : object
 2017 Gift : object
 2016 Gift : object
 2015 Gift : object
 2014 Gift : object
 2013 Gift : object
 2012 Gift : object
 2011 Gift : object
CompTotal: int64 
]
 Converted Columns data type: 
[
 Home Address: object
City: object
State: object
Zip: int64
Volunteered in the past: object
 2019 Gift : object
 2018 Gift : object
 2017 Gift : object
 2016 Gift : object
 2015 Gift : object
 2014 Gift : object
 2013 Gift : object
 2012 Gift : object
 2011 Gift : object
CompTotal: int64 
]

23-11-2020:21:04:47, INFO log_info my_logger --> 
Main Column with Data type: 
[
 Donor_Id: int64
Decimal_Values: int64
Link_Image: object
Cand_Name: object
Cand_Id: object
Cand_Office: object
Cand_Office_St: object
Cand_Office_Dist: int64
Cand_Party_Affiliation: object
Cand_Street_1: object
Cand_Street_2: object
Cand_City: object
Cand_State: object
Cand_Zip: int64
funding1: object
fund2: object
donations3: object
gifts4: object
donat5: object
transac6: object
grants7: object
money8: object
gift9: object
gift10: object
funding11: object
donations12: object
donations13: object 
]
 Converted Columns data type: 
[
 Donor_Id: int64
Decimal_Values: int64
Link_Image: object
Cand_Name: object
Cand_Id: object
Cand_Office: object
Cand_Office_St: object
Cand_Office_Dist: int64
Cand_Party_Affiliation: object
Cand_Street_1: object
Cand_Street_2: object
Cand_City: object
Cand_State: object
Cand_Zip: int64
funding1: object
fund2: object
donations3: object
gifts4: object
donat5: object
transac6: object
grants7: object
money8: object
gift9: object
gift10: object
funding11: object
donations12: object
donations13: object 
]

23-11-2020:21:07:48, INFO log_info my_logger --> 
Main Column with Data type: 
[
 Donor_Id: int64
Decimal_Values: int64
Link_Image: object
Cand_Name: object
Cand_Id: object
Cand_Office: object
Cand_Office_St: object
Cand_Office_Dist: int64
Cand_Party_Affiliation: object
Cand_Street_1: object
Cand_Street_2: object
Cand_City: object
Cand_State: object
Cand_Zip: int64
funding1: object
fund2: object
donations3: object
gifts4: object
donat5: object
transac6: object
grants7: object
money8: object
gift9: object
gift10: object
funding11: object
donations12: object
donations13: object 
]
 Converted Columns data type: 
[
 Donor_Id: int64
Decimal_Values: int64
Link_Image: object
Cand_Name: object
Cand_Id: object
Cand_Office: object
Cand_Office_St: object
Cand_Office_Dist: int64
Cand_Party_Affiliation: object
Cand_Street_1: object
Cand_Street_2: object
Cand_City: object
Cand_State: object
Cand_Zip: int64
funding1: object
fund2: object
donations3: object
gifts4: object
donat5: object
transac6: object
grants7: object
money8: object
gift9: object
gift10: object
funding11: object
donations12: object
donations13: object 
]

23-11-2020:21:07:48, INFO log_info my_logger --> 
Main Column with Data type: 
[
 Donor_Id: int64
Decimal_Values: int64
Link_Image: object
Cand_Name: object
Cand_Id: object
Cand_Office: object
Cand_Office_St: object
Cand_Office_Dist: int64
Cand_Party_Affiliation: object
Cand_Street_1: object
Cand_Street_2: object
Cand_City: object
Cand_State: object
Cand_Zip: int64
funding1: object
fund2: object
donations3: object
gifts4: object
donat5: object
transac6: object
grants7: object
money8: object
gift9: object
gift10: object
funding11: object
donations12: object
donations13: object 
]
 Converted Columns data type: 
[
 Donor_Id: int64
Decimal_Values: int64
Link_Image: object
Cand_Name: object
Cand_Id: object
Cand_Office: object
Cand_Office_St: object
Cand_Office_Dist: int64
Cand_Party_Affiliation: object
Cand_Street_1: object
Cand_Street_2: object
Cand_City: object
Cand_State: object
Cand_Zip: int64
funding1: object
fund2: object
donations3: object
gifts4: object
donat5: object
transac6: object
grants7: object
money8: object
gift9: object
gift10: object
funding11: object
donations12: object
donations13: object 
]

24-11-2020:04:47:46, INFO log_info my_logger --> 
Main Column with Data type: 
[
 Home Address: object
City: object
State: object
Zip: int64
Volunteered in the past: object
 2019 Gift : object
 2018 Gift : object
 2017 Gift : object
 2016 Gift : object
 2015 Gift : object
 2014 Gift : object
 2013 Gift : object
 2012 Gift : object
 2011 Gift : object
CompTotal: int64 
]
 Converted Columns data type: 
[
 Home Address: object
City: object
State: object
Zip: int64
Volunteered in the past: object
 2019 Gift : object
 2018 Gift : object
 2017 Gift : object
 2016 Gift : object
 2015 Gift : object
 2014 Gift : object
 2013 Gift : object
 2012 Gift : object
 2011 Gift : object
CompTotal: int64 
]

24-11-2020:04:52:20, INFO log_info my_logger --> 
Main Column with Data type: 
[
 Home Address: object
City: object
State: object
Zip: int64
Volunteered in the past: object
 2019 Gift : object
 2018 Gift : object
 2017 Gift : object
 2016 Gift : object
 2015 Gift : object
 2014 Gift : object
 2013 Gift : object
 2012 Gift : object
 2011 Gift : object
CompTotal: int64 
]
 Converted Columns data type: 
[
 Home Address: object
City: object
State: object
Zip: int64
Volunteered in the past: object
 2019 Gift : object
 2018 Gift : object
 2017 Gift : object
 2016 Gift : object
 2015 Gift : object
 2014 Gift : object
 2013 Gift : object
 2012 Gift : object
 2011 Gift : object
CompTotal: int64 
]

27-11-2020:21:44:44, INFO log_info my_logger --> 
Main Column with Data type: 
[
 Donor_Id: int64
Decimal_Values: int64
Link_Image: object
Cand_Name: object
Cand_Id: object
Cand_Office: object
Cand_Office_St: object
Cand_Office_Dist: int64
Cand_Party_Affiliation: object
Cand_Street_1: object
Cand_Street_2: object
Cand_City: object
Cand_State: object
Cand_Zip: int64
funding1: object
fund2: object
donations3: object
gifts4: object
donat5: object
transac6: object
grants7: object
money8: object
gift9: object
gift10: object
funding11: object
donations12: object
donations13: object 
]
 Converted Columns data type: 
[
 Donor_Id: int64
Decimal_Values: int64
Link_Image: object
Cand_Name: object
Cand_Id: object
Cand_Office: object
Cand_Office_St: object
Cand_Office_Dist: int64
Cand_Party_Affiliation: object
Cand_Street_1: object
Cand_Street_2: object
Cand_City: object
Cand_State: object
Cand_Zip: int64
funding1: object
fund2: object
donations3: object
gifts4: object
donat5: object
transac6: object
grants7: object
money8: object
gift9: object
gift10: object
funding11: object
donations12: object
donations13: object 
]

27-11-2020:21:46:45, INFO log_info my_logger --> 
Main Column with Data type: 
[
 Home Address: object
City: object
State: object
Zip: int64
Volunteered in the past: object
 2019 Gift : object
 2018 Gift : object
 2017 Gift : object
 2016 Gift : object
 2015 Gift : object
 2014 Gift : object
 2013 Gift : object
 2012 Gift : object
 2011 Gift : object
CompTotal: int64 
]
 Converted Columns data type: 
[
 Home Address: object
City: object
State: object
Zip: int64
Volunteered in the past: object
 2019 Gift : object
 2018 Gift : object
 2017 Gift : object
 2016 Gift : object
 2015 Gift : object
 2014 Gift : object
 2013 Gift : object
 2012 Gift : object
 2011 Gift : object
CompTotal: int64 
]

27-11-2020:21:50:05, INFO log_info my_logger --> 
Main Column with Data type: 
[
 Home Address: object
City: object
State: object
Zip: int64
Volunteered in the past: object
 2019 Gift : object
 2018 Gift : object
 2017 Gift : object
 2016 Gift : object
 2015 Gift : object
 2014 Gift : object
 2013 Gift : object
 2012 Gift : object
 2011 Gift : object
CompTotal: int64 
]
 Converted Columns data type: 
[
 Home Address: object
City: object
State: object
Zip: int64
Volunteered in the past: object
 2019 Gift : object
 2018 Gift : object
 2017 Gift : object
 2016 Gift : object
 2015 Gift : object
 2014 Gift : object
 2013 Gift : object
 2012 Gift : object
 2011 Gift : object
CompTotal: int64 
]

27-11-2020:21:50:49, INFO log_info my_logger --> 
Main Column with Data type: 
[
 Donor_Id: int64
Decimal_Values: int64
Link_Image: object
Cand_Name: object
Cand_Id: object
Cand_Office: object
Cand_Office_St: object
Cand_Office_Dist: int64
Cand_Party_Affiliation: object
Cand_Street_1: object
Cand_Street_2: object
Cand_City: object
Cand_State: object
Cand_Zip: int64
funding1: object
fund2: object
donations3: object
gifts4: object
donat5: object
transac6: object
grants7: object
money8: object
gift9: object
gift10: object
funding11: object
donations12: object
donations13: object 
]
 Converted Columns data type: 
[
 Donor_Id: int64
Decimal_Values: int64
Link_Image: object
Cand_Name: object
Cand_Id: object
Cand_Office: object
Cand_Office_St: object
Cand_Office_Dist: int64
Cand_Party_Affiliation: object
Cand_Street_1: object
Cand_Street_2: object
Cand_City: object
Cand_State: object
Cand_Zip: int64
funding1: object
fund2: object
donations3: object
gifts4: object
donat5: object
transac6: object
grants7: object
money8: object
gift9: object
gift10: object
funding11: object
donations12: object
donations13: object 
]

27-11-2020:21:51:47, INFO log_info my_logger --> 
Main Column with Data type: 
[
 Home Address: object
City: object
State: object
Zip: int64
Volunteered in the past: object
 2019 Gift : object
 2018 Gift : object
 2017 Gift : object
 2016 Gift : object
 2015 Gift : object
 2014 Gift : object
 2013 Gift : object
 2012 Gift : object
 2011 Gift : object
CompTotal: int64 
]
 Converted Columns data type: 
[
 Home Address: object
City: object
State: object
Zip: int64
Volunteered in the past: object
 2019 Gift : object
 2018 Gift : object
 2017 Gift : object
 2016 Gift : object
 2015 Gift : object
 2014 Gift : object
 2013 Gift : object
 2012 Gift : object
 2011 Gift : object
CompTotal: int64 
]

27-11-2020:21:53:07, INFO log_info my_logger --> 
Main Column with Data type: 
[
 Home Address: object
City: object
State: object
Zip: int64
Volunteered in the past: object
 2019 Gift : object
 2018 Gift : object
 2017 Gift : object
 2016 Gift : object
 2015 Gift : object
 2014 Gift : object
 2013 Gift : object
 2012 Gift : object
 2011 Gift : object
CompTotal: int64 
]
 Converted Columns data type: 
[
 Home Address: object
City: object
State: object
Zip: int64
Volunteered in the past: object
 2019 Gift : object
 2018 Gift : object
 2017 Gift : object
 2016 Gift : object
 2015 Gift : object
 2014 Gift : object
 2013 Gift : object
 2012 Gift : object
 2011 Gift : object
CompTotal: int64 
]

27-11-2020:21:59:35, INFO log_info my_logger --> 
Main Column with Data type: 
[
 Home Address: object
City: object
State: object
Zip: int64
Volunteered in the past: object
 2019 Gift : object
 2018 Gift : object
 2017 Gift : object
 2016 Gift : object
 2015 Gift : object
 2014 Gift : object
 2013 Gift : object
 2012 Gift : object
 2011 Gift : object
CompTotal: int64 
]
 Converted Columns data type: 
[
 Home Address: object
City: object
State: object
Zip: int64
Volunteered in the past: object
 2019 Gift : object
 2018 Gift : object
 2017 Gift : object
 2016 Gift : object
 2015 Gift : object
 2014 Gift : object
 2013 Gift : object
 2012 Gift : object
 2011 Gift : object
CompTotal: int64 
]

27-11-2020:22:00:11, INFO log_info my_logger --> 
Main Column with Data type: 
[
 Home Address: object
City: object
State: object
Zip: int64
Volunteered in the past: object
 2019 Gift : object
 2018 Gift : object
 2017 Gift : object
 2016 Gift : object
 2015 Gift : object
 2014 Gift : object
 2013 Gift : object
 2012 Gift : object
 2011 Gift : object
CompTotal: int64 
]
 Converted Columns data type: 
[
 Home Address: object
City: object
State: object
Zip: int64
Volunteered in the past: object
 2019 Gift : object
 2018 Gift : object
 2017 Gift : object
 2016 Gift : object
 2015 Gift : object
 2014 Gift : object
 2013 Gift : object
 2012 Gift : object
 2011 Gift : object
CompTotal: int64 
]

27-11-2020:22:01:19, INFO log_info my_logger --> 
Main Column with Data type: 
[
 Home Address: object
City: object
State: object
Zip: int64
Volunteered in the past: object
 2019 Gift : object
 2018 Gift : object
 2017 Gift : object
 2016 Gift : object
 2015 Gift : object
 2014 Gift : object
 2013 Gift : object
 2012 Gift : object
 2011 Gift : object
CompTotal: int64 
]
 Converted Columns data type: 
[
 Home Address: object
City: object
State: object
Zip: int64
Volunteered in the past: object
 2019 Gift : object
 2018 Gift : object
 2017 Gift : object
 2016 Gift : object
 2015 Gift : object
 2014 Gift : object
 2013 Gift : object
 2012 Gift : object
 2011 Gift : object
CompTotal: int64 
]

27-11-2020:22:03:22, INFO log_info my_logger --> 
Main Column with Data type: 
[
 Home Address: object
City: object
State: object
Zip: int64
Volunteered in the past: object
 2019 Gift : object
 2018 Gift : object
 2017 Gift : object
 2016 Gift : object
 2015 Gift : object
 2014 Gift : object
 2013 Gift : object
 2012 Gift : object
 2011 Gift : object
CompTotal: int64 
]
 Converted Columns data type: 
[
 Home Address: object
City: object
State: object
Zip: int64
Volunteered in the past: object
 2019 Gift : object
 2018 Gift : object
 2017 Gift : object
 2016 Gift : object
 2015 Gift : object
 2014 Gift : object
 2013 Gift : object
 2012 Gift : object
 2011 Gift : object
CompTotal: int64 
]

27-11-2020:22:04:26, INFO log_info my_logger --> 
Main Column with Data type: 
[
 Home Address: object
City: object
State: object
Zip: int64
Volunteered in the past: object
 2019 Gift : object
 2018 Gift : object
 2017 Gift : object
 2016 Gift : object
 2015 Gift : object
 2014 Gift : object
 2013 Gift : object
 2012 Gift : object
 2011 Gift : object
CompTotal: int64 
]
 Converted Columns data type: 
[
 Home Address: object
City: object
State: object
Zip: int64
Volunteered in the past: object
 2019 Gift : object
 2018 Gift : object
 2017 Gift : object
 2016 Gift : object
 2015 Gift : object
 2014 Gift : object
 2013 Gift : object
 2012 Gift : object
 2011 Gift : object
CompTotal: int64 
]

27-11-2020:22:08:32, INFO log_info my_logger --> 
Main Column with Data type: 
[
 Home Address: object
City: object
State: object
Zip: int64
Volunteered in the past: object
 2019 Gift : object
 2018 Gift : object
 2017 Gift : object
 2016 Gift : object
 2015 Gift : object
 2014 Gift : object
 2013 Gift : object
 2012 Gift : object
 2011 Gift : object
CompTotal: int64 
]
 Converted Columns data type: 
[
 Home Address: object
City: object
State: object
Zip: int64
Volunteered in the past: object
 2019 Gift : object
 2018 Gift : object
 2017 Gift : object
 2016 Gift : object
 2015 Gift : object
 2014 Gift : object
 2013 Gift : object
 2012 Gift : object
 2011 Gift : object
CompTotal: int64 
]

27-11-2020:22:28:59, INFO log_info my_logger --> 
Main Column with Data type: 
[
 Donor_Id: int64
Decimal_Values: int64
Link_Image: object
Cand_Name: object
Cand_Id: object
Cand_Office: object
Cand_Office_St: object
Cand_Office_Dist: int64
Cand_Party_Affiliation: object
Cand_Street_1: object
Cand_Street_2: object
Cand_City: object
Cand_State: object
Cand_Zip: int64
funding1: object
fund2: object
donations3: object
gifts4: object
donat5: object
transac6: object
grants7: object
money8: object
gift9: object
gift10: object
funding11: object
donations12: object
donations13: object 
]
 Converted Columns data type: 
[
 Donor_Id: int64
Decimal_Values: int64
Link_Image: object
Cand_Name: object
Cand_Id: object
Cand_Office: object
Cand_Office_St: object
Cand_Office_Dist: int64
Cand_Party_Affiliation: object
Cand_Street_1: object
Cand_Street_2: object
Cand_City: object
Cand_State: object
Cand_Zip: int64
funding1: object
fund2: object
donations3: object
gifts4: object
donat5: object
transac6: object
grants7: object
money8: object
gift9: object
gift10: object
funding11: object
donations12: object
donations13: object 
]

27-11-2020:22:28:59, INFO log_info my_logger --> 
Main Column with Data type: 
[
 Donor_Id: int64
Decimal_Values: int64
Link_Image: object
Cand_Name: object
Cand_Id: object
Cand_Office: object
Cand_Office_St: object
Cand_Office_Dist: int64
Cand_Party_Affiliation: object
Cand_Street_1: object
Cand_Street_2: object
Cand_City: object
Cand_State: object
Cand_Zip: int64
funding1: object
fund2: object
donations3: object
gifts4: object
donat5: object
transac6: object
grants7: object
money8: object
gift9: object
gift10: object
funding11: object
donations12: object
donations13: object 
]
 Converted Columns data type: 
[
 Donor_Id: int64
Decimal_Values: int64
Link_Image: object
Cand_Name: object
Cand_Id: object
Cand_Office: object
Cand_Office_St: object
Cand_Office_Dist: int64
Cand_Party_Affiliation: object
Cand_Street_1: object
Cand_Street_2: object
Cand_City: object
Cand_State: object
Cand_Zip: int64
funding1: object
fund2: object
donations3: object
gifts4: object
donat5: object
transac6: object
grants7: object
money8: object
gift9: object
gift10: object
funding11: object
donations12: object
donations13: object 
]

27-11-2020:22:34:21, INFO log_info my_logger --> 
Main Column with Data type: 
[
 Home Address: object
City: object
State: object
Zip: int64
Volunteered in the past: object
 2019 Gift : object
 2018 Gift : object
 2017 Gift : object
 2016 Gift : object
 2015 Gift : object
 2014 Gift : object
 2013 Gift : object
 2012 Gift : object
 2011 Gift : object
CompTotal: int64 
]
 Converted Columns data type: 
[
 Home Address: object
City: object
State: object
Zip: int64
Volunteered in the past: object
 2019 Gift : object
 2018 Gift : object
 2017 Gift : object
 2016 Gift : object
 2015 Gift : object
 2014 Gift : object
 2013 Gift : object
 2012 Gift : object
 2011 Gift : object
CompTotal: int64 
]

27-11-2020:22:36:18, INFO log_info my_logger --> 
Main Column with Data type: 
[
 Home Address: object
City: object
State: object
Zip: int64
Volunteered in the past: object
 2019 Gift : object
 2018 Gift : object
 2017 Gift : object
 2016 Gift : object
 2015 Gift : object
 2014 Gift : object
 2013 Gift : object
 2012 Gift : object
 2011 Gift : object
CompTotal: int64 
]
 Converted Columns data type: 
[
 Home Address: object
City: object
State: object
Zip: int64
Volunteered in the past: object
 2019 Gift : object
 2018 Gift : object
 2017 Gift : object
 2016 Gift : object
 2015 Gift : object
 2014 Gift : object
 2013 Gift : object
 2012 Gift : object
 2011 Gift : object
CompTotal: int64 
]

27-11-2020:22:52:34, INFO log_info my_logger --> 
Main Column with Data type: 
[
 Home Address: object
City: object
State: object
Zip: int64
Volunteered in the past: object
 2019 Gift : object
 2018 Gift : object
 2017 Gift : object
 2016 Gift : object
 2015 Gift : object
 2014 Gift : object
 2013 Gift : object
 2012 Gift : object
 2011 Gift : object
CompTotal: int64 
]
 Converted Columns data type: 
[
 Home Address: object
City: object
State: object
Zip: int64
Volunteered in the past: object
 2019 Gift : object
 2018 Gift : object
 2017 Gift : object
 2016 Gift : object
 2015 Gift : object
 2014 Gift : object
 2013 Gift : object
 2012 Gift : object
 2011 Gift : object
CompTotal: int64 
]

27-11-2020:22:54:05, INFO log_info my_logger --> 
Main Column with Data type: 
[
 Donor_Id: int64
Decimal_Values: int64
Link_Image: object
Cand_Name: object
Cand_Id: object
Cand_Office: object
Cand_Office_St: object
Cand_Office_Dist: int64
Cand_Party_Affiliation: object
Cand_Street_1: object
Cand_Street_2: object
Cand_City: object
Cand_State: object
Cand_Zip: int64
funding1: object
fund2: object
donations3: object
gifts4: object
donat5: object
transac6: object
grants7: object
money8: object
gift9: object
gift10: object
funding11: object
donations12: object
donations13: object 
]
 Converted Columns data type: 
[
 Donor_Id: int64
Decimal_Values: int64
Link_Image: object
Cand_Name: object
Cand_Id: object
Cand_Office: object
Cand_Office_St: object
Cand_Office_Dist: int64
Cand_Party_Affiliation: object
Cand_Street_1: object
Cand_Street_2: object
Cand_City: object
Cand_State: object
Cand_Zip: int64
funding1: object
fund2: object
donations3: object
gifts4: object
donat5: object
transac6: object
grants7: object
money8: object
gift9: object
gift10: object
funding11: object
donations12: object
donations13: object 
]

27-11-2020:22:54:05, INFO log_info my_logger --> 
Main Column with Data type: 
[
 Donor_Id: int64
Decimal_Values: int64
Link_Image: object
Cand_Name: object
Cand_Id: object
Cand_Office: object
Cand_Office_St: object
Cand_Office_Dist: int64
Cand_Party_Affiliation: object
Cand_Street_1: object
Cand_Street_2: object
Cand_City: object
Cand_State: object
Cand_Zip: int64
funding1: object
fund2: object
donations3: object
gifts4: object
donat5: object
transac6: object
grants7: object
money8: object
gift9: object
gift10: object
funding11: object
donations12: object
donations13: object 
]
 Converted Columns data type: 
[
 Donor_Id: int64
Decimal_Values: int64
Link_Image: object
Cand_Name: object
Cand_Id: object
Cand_Office: object
Cand_Office_St: object
Cand_Office_Dist: int64
Cand_Party_Affiliation: object
Cand_Street_1: object
Cand_Street_2: object
Cand_City: object
Cand_State: object
Cand_Zip: int64
funding1: object
fund2: object
donations3: object
gifts4: object
donat5: object
transac6: object
grants7: object
money8: object
gift9: object
gift10: object
funding11: object
donations12: object
donations13: object 
]

30-11-2020:22:15:21, INFO log_info my_logger --> 
Main Column with Data type: 
[
 Home Address: object
City: object
State: object
Zip: int64
Volunteered in the past: object
 2019 Gift : object
 2018 Gift : object
 2017 Gift : object
 2016 Gift : object
 2015 Gift : object
 2014 Gift : object
 2013 Gift : object
 2012 Gift : object
 2011 Gift : object
CompTotal: int64 
]
 Converted Columns data type: 
[
 Home Address: object
City: object
State: object
Zip: int64
Volunteered in the past: object
 2019 Gift : object
 2018 Gift : object
 2017 Gift : object
 2016 Gift : object
 2015 Gift : object
 2014 Gift : object
 2013 Gift : object
 2012 Gift : object
 2011 Gift : object
CompTotal: int64 
]

30-11-2020:23:20:28, INFO log_info my_logger --> 
Main Column with Data type: 
[
 Home Address: object
City: object
State: object
Zip: int64
Volunteered in the past: object
 2019 Gift : object
 2018 Gift : object
 2017 Gift : object
 2016 Gift : object
 2015 Gift : object
 2014 Gift : object
 2013 Gift : object
 2012 Gift : object
 2011 Gift : object
CompTotal: int64 
]
 Converted Columns data type: 
[
 Home Address: object
City: object
State: object
Zip: int64
Volunteered in the past: object
 2019 Gift : object
 2018 Gift : object
 2017 Gift : object
 2016 Gift : object
 2015 Gift : object
 2014 Gift : object
 2013 Gift : object
 2012 Gift : object
 2011 Gift : object
CompTotal: int64 
]

30-11-2020:23:22:45, INFO log_info my_logger --> 
Main Column with Data type: 
[
 Home Address: object
City: object
State: object
Zip: int64
Volunteered in the past: object
 2019 Gift : object
 2018 Gift : object
 2017 Gift : object
 2016 Gift : object
 2015 Gift : object
 2014 Gift : object
 2013 Gift : object
 2012 Gift : object
 2011 Gift : object
CompTotal: int64 
]
 Converted Columns data type: 
[
 Home Address: object
City: object
State: object
Zip: int64
Volunteered in the past: object
 2019 Gift : object
 2018 Gift : object
 2017 Gift : object
 2016 Gift : object
 2015 Gift : object
 2014 Gift : object
 2013 Gift : object
 2012 Gift : object
 2011 Gift : object
CompTotal: int64 
]

01-12-2020:00:00:55, INFO log_info my_logger --> 
Main Column with Data type: 
[
 Home Address: object
City: object
State: object
Zip: int64
Volunteered in the past: object
 2019 Gift : object
 2018 Gift : object
 2017 Gift : object
 2016 Gift : object
 2015 Gift : object
 2014 Gift : object
 2013 Gift : object
 2012 Gift : object
 2011 Gift : object
CompTotal: int64 
]
 Converted Columns data type: 
[
 Home Address: object
City: object
State: object
Zip: int64
Volunteered in the past: object
 2019 Gift : object
 2018 Gift : object
 2017 Gift : object
 2016 Gift : object
 2015 Gift : object
 2014 Gift : object
 2013 Gift : object
 2012 Gift : object
 2011 Gift : object
CompTotal: int64 
]

01-12-2020:00:17:10, INFO log_info my_logger --> 
Main Column with Data type: 
[
 Home Address: object
City: object
State: object
Zip: int64
Volunteered in the past: object
 2019 Gift : object
 2018 Gift : object
 2017 Gift : object
 2016 Gift : object
 2015 Gift : object
 2014 Gift : object
 2013 Gift : object
 2012 Gift : object
 2011 Gift : object
CompTotal: int64 
]
 Converted Columns data type: 
[
 Home Address: object
City: object
State: object
Zip: int64
Volunteered in the past: object
 2019 Gift : object
 2018 Gift : object
 2017 Gift : object
 2016 Gift : object
 2015 Gift : object
 2014 Gift : object
 2013 Gift : object
 2012 Gift : object
 2011 Gift : object
CompTotal: int64 
]

01-12-2020:00:27:32, INFO log_info my_logger --> 
Main Column with Data type: 
[
 Home Address: object
City: object
State: object
Zip: int64
Volunteered in the past: object
 2019 Gift : object
 2018 Gift : object
 2017 Gift : object
 2016 Gift : object
 2015 Gift : object
 2014 Gift : object
 2013 Gift : object
 2012 Gift : object
 2011 Gift : object
CompTotal: int64 
]
 Converted Columns data type: 
[
 Home Address: object
City: object
State: object
Zip: int64
Volunteered in the past: object
 2019 Gift : object
 2018 Gift : object
 2017 Gift : object
 2016 Gift : object
 2015 Gift : object
 2014 Gift : object
 2013 Gift : object
 2012 Gift : object
 2011 Gift : object
CompTotal: int64 
]

01-12-2020:00:33:28, INFO log_info my_logger --> 
Main Column with Data type: 
[
 Home Address: object
City: object
State: object
Zip: int64
Volunteered in the past: object
 2019 Gift : object
 2018 Gift : object
 2017 Gift : object
 2016 Gift : object
 2015 Gift : object
 2014 Gift : object
 2013 Gift : object
 2012 Gift : object
 2011 Gift : object
CompTotal: int64 
]
 Converted Columns data type: 
[
 Home Address: object
City: object
State: object
Zip: int64
Volunteered in the past: object
 2019 Gift : object
 2018 Gift : object
 2017 Gift : object
 2016 Gift : object
 2015 Gift : object
 2014 Gift : object
 2013 Gift : object
 2012 Gift : object
 2011 Gift : object
CompTotal: int64 
]

